<?xml version="1.0" encoding="UTF-8"?>
<testng-results skipped="0" failed="0" total="1" passed="1">
  <reporter-output>
  </reporter-output>
  <suite name="Default suite" duration-ms="14704" started-at="2016-06-15T11:35:12Z" finished-at="2016-06-15T11:35:27Z">
    <groups>
    </groups>
    <test name="Default test" duration-ms="14704" started-at="2016-06-15T11:35:12Z" finished-at="2016-06-15T11:35:27Z">
      <class name="com.jiedaibao.test.TestPromoterApply">
        <test-method status="PASS" signature="init()[pri:0, instance:com.jiedaibao.test.TestPromoterApply@5805dc52]" name="init" is-config="true" duration-ms="5639" started-at="2016-06-15T19:35:12Z" finished-at="2016-06-15T19:35:18Z">
          <reporter-output>
          </reporter-output>
        </test-method> <!-- init -->
        <test-method status="PASS" signature="testPromoterLink()[pri:0, instance:com.jiedaibao.test.TestPromoterApply@5805dc52]" name="testPromoterLink" duration-ms="9039" started-at="2016-06-15T19:35:18Z" description="个人版企业版连接" finished-at="2016-06-15T19:35:27Z">
          <reporter-output>
          </reporter-output>
        </test-method> <!-- testPromoterLink -->
      </class> <!-- com.jiedaibao.test.TestPromoterApply -->
    </test> <!-- Default test -->
  </suite> <!-- Default suite -->
</testng-results>
